2020-10-21T20:52:52-0400 [INFO    ] dandi Traversing remote dandisets (000034) recursively
2020-10-21T20:52:52-0400 [INFO    ] backups2datalad.py Updating metadata file
2020-10-21T20:52:52-0400 [INFO    ] backups2datalad.py Syncing asset /sub-c1/sub-c1_ecephys.nwb
2020-10-21T20:52:53-0400 [INFO    ] backups2datalad.py Asset not in dataset; will copy
2020-10-21T20:52:53-0400 [INFO    ] backups2datalad.py cp /mnt/backup/dandi/dandiarchive-s3-backup/girder-assetstore/09/67/09678d15ddeb4027afffca06337cd89d -> /mnt/backup/dandi/dandisets/000034/sub-c1/sub-c1_ecephys.nwb
2020-10-21T20:53:22-0400 [INFO    ] backups2datalad.py Adding asset to dataset
2020-10-21T20:56:01-0400 [INFO    ] backups2datalad.py Adding URL https://dandiarchive.s3.amazonaws.com/girder-assetstore/09/67/09678d15ddeb4027afffca06337cd89d?versionId=W9qrbNJdEA2mGerCa0HyjC1wuQHcAbva to asset
2020-10-21T20:56:01-0400 [INFO    ] backups2datalad.py Syncing asset /sub-MEAREC-250neuron-Neuropixels/sub-MEAREC-250neuron-Neuropixels_ecephys.nwb
2020-10-21T20:56:02-0400 [INFO    ] backups2datalad.py Asset not in dataset; will copy
2020-10-21T20:56:02-0400 [INFO    ] backups2datalad.py cp /mnt/backup/dandi/dandiarchive-s3-backup/girder-assetstore/3e/82/3e82074a2e4f4199a2ce9c57711645bb -> /mnt/backup/dandi/dandisets/000034/sub-MEAREC-250neuron-Neuropixels/sub-MEAREC-250neuron-Neuropixels_ecephys.nwb
2020-10-21T20:56:02-0400 [INFO    ] backups2datalad.py Adding asset to dataset
2020-10-21T20:59:05-0400 [INFO    ] backups2datalad.py Adding URL https://dandiarchive.s3.amazonaws.com/girder-assetstore/3e/82/3e82074a2e4f4199a2ce9c57711645bb?versionId=MRxlWZYX5al9vx2iywIGx7fPHMrWL3Qn to asset
2020-10-21T20:59:06-0400 [INFO    ] backups2datalad.py Syncing asset /sub-mouse412804/sub-mouse412804_ecephys.nwb
2020-10-21T20:59:06-0400 [INFO    ] backups2datalad.py Asset not in dataset; will copy
2020-10-21T20:59:06-0400 [INFO    ] backups2datalad.py cp /mnt/backup/dandi/dandiarchive-s3-backup/girder-assetstore/a4/03/a403624b30e1486a9b9e2f6e9bae14e3 -> /mnt/backup/dandi/dandisets/000034/sub-mouse412804/sub-mouse412804_ecephys.nwb
2020-10-21T20:59:33-0400 [INFO    ] backups2datalad.py Adding asset to dataset
2020-10-21T21:01:16-0400 [INFO    ] backups2datalad.py Adding URL https://dandiarchive.s3.amazonaws.com/girder-assetstore/a4/03/a403624b30e1486a9b9e2f6e9bae14e3?versionId=mYoSHFjeteUyyVYH.bo7PlNufRMAEGIJ to asset
2020-10-21T21:01:16-0400 [INFO    ] backups2datalad.py Syncing asset /sub-mouse412804/sub-mouse412804_ses-20200824T155542.nwb
2020-10-21T21:01:16-0400 [INFO    ] backups2datalad.py Asset not in dataset; will copy
2020-10-21T21:01:16-0400 [INFO    ] backups2datalad.py cp /mnt/backup/dandi/dandiarchive-s3-backup/girder-assetstore/22/8f/228f0d70b3bf4ac3820334cc2932a5a7 -> /mnt/backup/dandi/dandisets/000034/sub-mouse412804/sub-mouse412804_ses-20200824T155542.nwb
2020-10-21T21:01:16-0400 [INFO    ] backups2datalad.py Adding asset to dataset
2020-10-21T21:01:17-0400 [INFO    ] backups2datalad.py Adding URL https://dandiarchive.s3.amazonaws.com/girder-assetstore/22/8f/228f0d70b3bf4ac3820334cc2932a5a7?versionId=P.L1slBMZ79czBBjqDGgMpRu2qpfT7nV to asset
2020-10-21T21:01:17-0400 [INFO    ] backups2datalad.py Syncing asset /sub-mouse412804/sub-mouse412804_ses-20200824T155543.nwb
2020-10-21T21:01:17-0400 [INFO    ] backups2datalad.py Asset not in dataset; will copy
2020-10-21T21:01:17-0400 [INFO    ] backups2datalad.py cp /mnt/backup/dandi/dandiarchive-s3-backup/girder-assetstore/c6/e3/c6e3fe8ade584d7c8d8de7ebd48fabfc -> /mnt/backup/dandi/dandisets/000034/sub-mouse412804/sub-mouse412804_ses-20200824T155543.nwb
2020-10-21T21:01:17-0400 [INFO    ] backups2datalad.py Adding asset to dataset
2020-10-21T21:01:17-0400 [INFO    ] backups2datalad.py Adding URL https://dandiarchive.s3.amazonaws.com/girder-assetstore/c6/e3/c6e3fe8ade584d7c8d8de7ebd48fabfc?versionId=rHA6jou5HHRN1ckw5AX9JZg3Y9o3ecEh to asset
2020-10-21T21:01:18-0400 [INFO    ] backups2datalad.py Syncing asset /sub-P29-16-05-14-retina02-left/sub-P29-16-05-14-retina02-left_ecephys.nwb
2020-10-21T21:01:18-0400 [INFO    ] backups2datalad.py Asset not in dataset; will copy
2020-10-21T21:01:18-0400 [INFO    ] backups2datalad.py cp /mnt/backup/dandi/dandiarchive-s3-backup/girder-assetstore/1c/64/1c64c66c55c648509f954b75ffcdbc37 -> /mnt/backup/dandi/dandisets/000034/sub-P29-16-05-14-retina02-left/sub-P29-16-05-14-retina02-left_ecephys.nwb
2020-10-21T21:01:21-0400 [INFO    ] backups2datalad.py Adding asset to dataset
2020-10-21T21:02:02-0400 [INFO    ] backups2datalad.py Adding URL https://dandiarchive.s3.amazonaws.com/girder-assetstore/1c/64/1c64c66c55c648509f954b75ffcdbc37?versionId=atQdafEo7pzgQSQRARrIcAiOdCZ0eA7s to asset
2020-10-21T21:02:02-0400 [INFO    ] backups2datalad.py Commiting changes
